The system is: Darwin - 21.1.0 - x86_64
Compiling the C compiler identification source file "CMakeCCompilerId.c" succeeded.
Compiler: /Library/Developer/CommandLineTools/usr/bin/cc 
Build flags: 
Id flags: -c 

The output was:
0


Compilation of the C compiler identification source "CMakeCCompilerId.c" produced "CMakeCCompilerId.o"

The C compiler identification is AppleClang, found in "/Users/isaac/Downloads/loessFIVER/dloess/build/CMakeFiles/3.22.1/CompilerIdC/CMakeCCompilerId.o"

Compiling the CXX compiler identification source file "CMakeCXXCompilerId.cpp" succeeded.
Compiler: /Library/Developer/CommandLineTools/usr/bin/c++ 
Build flags: 
Id flags: -c 

The output was:
0


Compilation of the CXX compiler identification source "CMakeCXXCompilerId.cpp" produced "CMakeCXXCompilerId.o"

The CXX compiler identification is AppleClang, found in "/Users/isaac/Downloads/loessFIVER/dloess/build/CMakeFiles/3.22.1/CompilerIdCXX/CMakeCXXCompilerId.o"

Detecting C compiler ABI info compiled with the following output:
Change Dir: /Users/isaac/Downloads/loessFIVER/dloess/build/CMakeFiles/CMakeTmp

Run Build Command(s):/usr/bin/make -f Makefile cmTC_ddba9/fast && /Library/Developer/CommandLineTools/usr/bin/make  -f CMakeFiles/cmTC_ddba9.dir/build.make CMakeFiles/cmTC_ddba9.dir/build
Building C object CMakeFiles/cmTC_ddba9.dir/CMakeCCompilerABI.c.o
/Library/Developer/CommandLineTools/usr/bin/cc   -isysroot /Library/Developer/CommandLineTools/SDKs/MacOSX10.15.sdk   -v -Wl,-v -MD -MT CMakeFiles/cmTC_ddba9.dir/CMakeCCompilerABI.c.o -MF CMakeFiles/cmTC_ddba9.dir/CMakeCCompilerABI.c.o.d -o CMakeFiles/cmTC_ddba9.dir/CMakeCCompilerABI.c.o -c /usr/local/Cellar/cmake/3.22.1/share/cmake/Modules/CMakeCCompilerABI.c
Apple clang version 11.0.3 (clang-1103.0.32.62)
Target: x86_64-apple-darwin21.1.0
Thread model: posix
InstalledDir: /Library/Developer/CommandLineTools/usr/bin
clang: warning: -Wl,-v: 'linker' input unused [-Wunused-command-line-argument]
 "/Library/Developer/CommandLineTools/usr/bin/clang" -cc1 -triple x86_64-apple-macosx10.15.4 -Wdeprecated-objc-isa-usage -Werror=deprecated-objc-isa-usage -emit-obj -mrelax-all -disable-free -disable-llvm-verifier -discard-value-names -main-file-name CMakeCCompilerABI.c -mrelocation-model pic -pic-level 2 -mthread-model posix -mframe-pointer=all -fno-strict-return -masm-verbose -munwind-tables -target-sdk-version=10.15.4 -target-cpu penryn -dwarf-column-info -debugger-tuning=lldb -target-linker-version 556.6 -v -coverage-notes-file /Users/isaac/Downloads/loessFIVER/dloess/build/CMakeFiles/CMakeTmp/CMakeFiles/cmTC_ddba9.dir/CMakeCCompilerABI.c.gcno -resource-dir /Library/Developer/CommandLineTools/usr/lib/clang/11.0.3 -dependency-file CMakeFiles/cmTC_ddba9.dir/CMakeCCompilerABI.c.o.d -skip-unused-modulemap-deps -sys-header-deps -MT CMakeFiles/cmTC_ddba9.dir/CMakeCCompilerABI.c.o -isysroot /Library/Developer/CommandLineTools/SDKs/MacOSX10.15.sdk -internal-isystem /Library/Developer/CommandLineTools/SDKs/MacOSX10.15.sdk/usr/local/include -internal-isystem /Library/Developer/CommandLineTools/usr/lib/clang/11.0.3/include -internal-externc-isystem /Library/Developer/CommandLineTools/SDKs/MacOSX10.15.sdk/usr/include -internal-externc-isystem /Library/Developer/CommandLineTools/usr/include -Wno-objc-signed-char-bool-implicit-int-conversion -Wno-extra-semi-stmt -Wno-quoted-include-in-framework-header -fdebug-compilation-dir /Users/isaac/Downloads/loessFIVER/dloess/build/CMakeFiles/CMakeTmp -ferror-limit 19 -fmessage-length 0 -stack-protector 1 -fstack-check -mdarwin-stkchk-strong-link -fblocks -fencode-extended-block-signature -fregister-global-dtors-with-atexit -fobjc-runtime=macosx-10.15.4 -fmax-type-align=16 -fdiagnostics-show-option -o CMakeFiles/cmTC_ddba9.dir/CMakeCCompilerABI.c.o -x c /usr/local/Cellar/cmake/3.22.1/share/cmake/Modules/CMakeCCompilerABI.c
clang -cc1 version 11.0.3 (clang-1103.0.32.62) default target x86_64-apple-darwin21.1.0
ignoring nonexistent directory "/Library/Developer/CommandLineTools/SDKs/MacOSX10.15.sdk/usr/local/include"
ignoring nonexistent directory "/Library/Developer/CommandLineTools/SDKs/MacOSX10.15.sdk/Library/Frameworks"
#include "..." search starts here:
#include <...> search starts here:
 /Library/Developer/CommandLineTools/usr/lib/clang/11.0.3/include
 /Library/Developer/CommandLineTools/SDKs/MacOSX10.15.sdk/usr/include
 /Library/Developer/CommandLineTools/usr/include
 /Library/Developer/CommandLineTools/SDKs/MacOSX10.15.sdk/System/Library/Frameworks (framework directory)
End of search list.
Linking C executable cmTC_ddba9
/usr/local/Cellar/cmake/3.22.1/bin/cmake -E cmake_link_script CMakeFiles/cmTC_ddba9.dir/link.txt --verbose=1
/Library/Developer/CommandLineTools/usr/bin/cc  -isysroot /Library/Developer/CommandLineTools/SDKs/MacOSX10.15.sdk -Wl,-search_paths_first -Wl,-headerpad_max_install_names  -v -Wl,-v CMakeFiles/cmTC_ddba9.dir/CMakeCCompilerABI.c.o -o cmTC_ddba9 
Apple clang version 11.0.3 (clang-1103.0.32.62)
Target: x86_64-apple-darwin21.1.0
Thread model: posix
InstalledDir: /Library/Developer/CommandLineTools/usr/bin
 "/Library/Developer/CommandLineTools/usr/bin/ld" -demangle -lto_library /Library/Developer/CommandLineTools/usr/lib/libLTO.dylib -dynamic -arch x86_64 -platform_version macos 10.15.4 10.15.4 -syslibroot /Library/Developer/CommandLineTools/SDKs/MacOSX10.15.sdk -o cmTC_ddba9 -search_paths_first -headerpad_max_install_names -v CMakeFiles/cmTC_ddba9.dir/CMakeCCompilerABI.c.o -lSystem /Library/Developer/CommandLineTools/usr/lib/clang/11.0.3/lib/darwin/libclang_rt.osx.a
@(#)PROGRAM:ld  PROJECT:ld64-556.6
BUILD 17:57:49 Apr 24 2020
configured to support archs: armv6 armv7 armv7s arm64 arm64e arm64_32 i386 x86_64 x86_64h armv6m armv7k armv7m armv7em
Library search paths:
	/Library/Developer/CommandLineTools/SDKs/MacOSX10.15.sdk/usr/lib
Framework search paths:
	/Library/Developer/CommandLineTools/SDKs/MacOSX10.15.sdk/System/Library/Frameworks/



Parsed C implicit include dir info from above output: rv=done
  found start of include info
  found start of implicit include info
    add: [/Library/Developer/CommandLineTools/usr/lib/clang/11.0.3/include]
    add: [/Library/Developer/CommandLineTools/SDKs/MacOSX10.15.sdk/usr/include]
    add: [/Library/Developer/CommandLineTools/usr/include]
  end of search list found
  collapse include dir [/Library/Developer/CommandLineTools/usr/lib/clang/11.0.3/include] ==> [/Library/Developer/CommandLineTools/usr/lib/clang/11.0.3/include]
  collapse include dir [/Library/Developer/CommandLineTools/SDKs/MacOSX10.15.sdk/usr/include] ==> [/Library/Developer/CommandLineTools/SDKs/MacOSX10.15.sdk/usr/include]
  collapse include dir [/Library/Developer/CommandLineTools/usr/include] ==> [/Library/Developer/CommandLineTools/usr/include]
  implicit include dirs: [/Library/Developer/CommandLineTools/usr/lib/clang/11.0.3/include;/Library/Developer/CommandLineTools/SDKs/MacOSX10.15.sdk/usr/include;/Library/Developer/CommandLineTools/usr/include]


Parsed C implicit link information from above output:
  link line regex: [^( *|.*[/\])(ld|CMAKE_LINK_STARTFILE-NOTFOUND|([^/\]+-)?ld|collect2)[^/\]*( |$)]
  ignore line: [Change Dir: /Users/isaac/Downloads/loessFIVER/dloess/build/CMakeFiles/CMakeTmp]
  ignore line: []
  ignore line: [Run Build Command(s):/usr/bin/make -f Makefile cmTC_ddba9/fast && /Library/Developer/CommandLineTools/usr/bin/make  -f CMakeFiles/cmTC_ddba9.dir/build.make CMakeFiles/cmTC_ddba9.dir/build]
  ignore line: [Building C object CMakeFiles/cmTC_ddba9.dir/CMakeCCompilerABI.c.o]
  ignore line: [/Library/Developer/CommandLineTools/usr/bin/cc   -isysroot /Library/Developer/CommandLineTools/SDKs/MacOSX10.15.sdk   -v -Wl -v -MD -MT CMakeFiles/cmTC_ddba9.dir/CMakeCCompilerABI.c.o -MF CMakeFiles/cmTC_ddba9.dir/CMakeCCompilerABI.c.o.d -o CMakeFiles/cmTC_ddba9.dir/CMakeCCompilerABI.c.o -c /usr/local/Cellar/cmake/3.22.1/share/cmake/Modules/CMakeCCompilerABI.c]
  ignore line: [Apple clang version 11.0.3 (clang-1103.0.32.62)]
  ignore line: [Target: x86_64-apple-darwin21.1.0]
  ignore line: [Thread model: posix]
  ignore line: [InstalledDir: /Library/Developer/CommandLineTools/usr/bin]
  ignore line: [clang: warning: -Wl -v: 'linker' input unused [-Wunused-command-line-argument]]
  ignore line: [ "/Library/Developer/CommandLineTools/usr/bin/clang" -cc1 -triple x86_64-apple-macosx10.15.4 -Wdeprecated-objc-isa-usage -Werror=deprecated-objc-isa-usage -emit-obj -mrelax-all -disable-free -disable-llvm-verifier -discard-value-names -main-file-name CMakeCCompilerABI.c -mrelocation-model pic -pic-level 2 -mthread-model posix -mframe-pointer=all -fno-strict-return -masm-verbose -munwind-tables -target-sdk-version=10.15.4 -target-cpu penryn -dwarf-column-info -debugger-tuning=lldb -target-linker-version 556.6 -v -coverage-notes-file /Users/isaac/Downloads/loessFIVER/dloess/build/CMakeFiles/CMakeTmp/CMakeFiles/cmTC_ddba9.dir/CMakeCCompilerABI.c.gcno -resource-dir /Library/Developer/CommandLineTools/usr/lib/clang/11.0.3 -dependency-file CMakeFiles/cmTC_ddba9.dir/CMakeCCompilerABI.c.o.d -skip-unused-modulemap-deps -sys-header-deps -MT CMakeFiles/cmTC_ddba9.dir/CMakeCCompilerABI.c.o -isysroot /Library/Developer/CommandLineTools/SDKs/MacOSX10.15.sdk -internal-isystem /Library/Developer/CommandLineTools/SDKs/MacOSX10.15.sdk/usr/local/include -internal-isystem /Library/Developer/CommandLineTools/usr/lib/clang/11.0.3/include -internal-externc-isystem /Library/Developer/CommandLineTools/SDKs/MacOSX10.15.sdk/usr/include -internal-externc-isystem /Library/Developer/CommandLineTools/usr/include -Wno-objc-signed-char-bool-implicit-int-conversion -Wno-extra-semi-stmt -Wno-quoted-include-in-framework-header -fdebug-compilation-dir /Users/isaac/Downloads/loessFIVER/dloess/build/CMakeFiles/CMakeTmp -ferror-limit 19 -fmessage-length 0 -stack-protector 1 -fstack-check -mdarwin-stkchk-strong-link -fblocks -fencode-extended-block-signature -fregister-global-dtors-with-atexit -fobjc-runtime=macosx-10.15.4 -fmax-type-align=16 -fdiagnostics-show-option -o CMakeFiles/cmTC_ddba9.dir/CMakeCCompilerABI.c.o -x c /usr/local/Cellar/cmake/3.22.1/share/cmake/Modules/CMakeCCompilerABI.c]
  ignore line: [clang -cc1 version 11.0.3 (clang-1103.0.32.62) default target x86_64-apple-darwin21.1.0]
  ignore line: [ignoring nonexistent directory "/Library/Developer/CommandLineTools/SDKs/MacOSX10.15.sdk/usr/local/include"]
  ignore line: [ignoring nonexistent directory "/Library/Developer/CommandLineTools/SDKs/MacOSX10.15.sdk/Library/Frameworks"]
  ignore line: [#include "..." search starts here:]
  ignore line: [#include <...> search starts here:]
  ignore line: [ /Library/Developer/CommandLineTools/usr/lib/clang/11.0.3/include]
  ignore line: [ /Library/Developer/CommandLineTools/SDKs/MacOSX10.15.sdk/usr/include]
  ignore line: [ /Library/Developer/CommandLineTools/usr/include]
  ignore line: [ /Library/Developer/CommandLineTools/SDKs/MacOSX10.15.sdk/System/Library/Frameworks (framework directory)]
  ignore line: [End of search list.]
  ignore line: [Linking C executable cmTC_ddba9]
  ignore line: [/usr/local/Cellar/cmake/3.22.1/bin/cmake -E cmake_link_script CMakeFiles/cmTC_ddba9.dir/link.txt --verbose=1]
  ignore line: [/Library/Developer/CommandLineTools/usr/bin/cc  -isysroot /Library/Developer/CommandLineTools/SDKs/MacOSX10.15.sdk -Wl -search_paths_first -Wl -headerpad_max_install_names  -v -Wl -v CMakeFiles/cmTC_ddba9.dir/CMakeCCompilerABI.c.o -o cmTC_ddba9 ]
  ignore line: [Apple clang version 11.0.3 (clang-1103.0.32.62)]
  ignore line: [Target: x86_64-apple-darwin21.1.0]
  ignore line: [Thread model: posix]
  ignore line: [InstalledDir: /Library/Developer/CommandLineTools/usr/bin]
  link line: [ "/Library/Developer/CommandLineTools/usr/bin/ld" -demangle -lto_library /Library/Developer/CommandLineTools/usr/lib/libLTO.dylib -dynamic -arch x86_64 -platform_version macos 10.15.4 10.15.4 -syslibroot /Library/Developer/CommandLineTools/SDKs/MacOSX10.15.sdk -o cmTC_ddba9 -search_paths_first -headerpad_max_install_names -v CMakeFiles/cmTC_ddba9.dir/CMakeCCompilerABI.c.o -lSystem /Library/Developer/CommandLineTools/usr/lib/clang/11.0.3/lib/darwin/libclang_rt.osx.a]
    arg [/Library/Developer/CommandLineTools/usr/bin/ld] ==> ignore
    arg [-demangle] ==> ignore
    arg [-lto_library] ==> ignore, skip following value
    arg [/Library/Developer/CommandLineTools/usr/lib/libLTO.dylib] ==> skip value of -lto_library
    arg [-dynamic] ==> ignore
    arg [-arch] ==> ignore
    arg [x86_64] ==> ignore
    arg [-platform_version] ==> ignore
    arg [macos] ==> ignore
    arg [10.15.4] ==> ignore
    arg [10.15.4] ==> ignore
    arg [-syslibroot] ==> ignore
    arg [/Library/Developer/CommandLineTools/SDKs/MacOSX10.15.sdk] ==> ignore
    arg [-o] ==> ignore
    arg [cmTC_ddba9] ==> ignore
    arg [-search_paths_first] ==> ignore
    arg [-headerpad_max_install_names] ==> ignore
    arg [-v] ==> ignore
    arg [CMakeFiles/cmTC_ddba9.dir/CMakeCCompilerABI.c.o] ==> ignore
    arg [-lSystem] ==> lib [System]
    arg [/Library/Developer/CommandLineTools/usr/lib/clang/11.0.3/lib/darwin/libclang_rt.osx.a] ==> lib [/Library/Developer/CommandLineTools/usr/lib/clang/11.0.3/lib/darwin/libclang_rt.osx.a]
  Library search paths: [;/Library/Developer/CommandLineTools/SDKs/MacOSX10.15.sdk/usr/lib]
  Framework search paths: [;/Library/Developer/CommandLineTools/SDKs/MacOSX10.15.sdk/System/Library/Frameworks/]
  remove lib [System]
  remove lib [/Library/Developer/CommandLineTools/usr/lib/clang/11.0.3/lib/darwin/libclang_rt.osx.a]
  collapse library dir [/Library/Developer/CommandLineTools/SDKs/MacOSX10.15.sdk/usr/lib] ==> [/Library/Developer/CommandLineTools/SDKs/MacOSX10.15.sdk/usr/lib]
  collapse framework dir [/Library/Developer/CommandLineTools/SDKs/MacOSX10.15.sdk/System/Library/Frameworks/] ==> [/Library/Developer/CommandLineTools/SDKs/MacOSX10.15.sdk/System/Library/Frameworks]
  implicit libs: []
  implicit objs: []
  implicit dirs: [/Library/Developer/CommandLineTools/SDKs/MacOSX10.15.sdk/usr/lib]
  implicit fwks: [/Library/Developer/CommandLineTools/SDKs/MacOSX10.15.sdk/System/Library/Frameworks]


Detecting CXX compiler ABI info compiled with the following output:
Change Dir: /Users/isaac/Downloads/loessFIVER/dloess/build/CMakeFiles/CMakeTmp

Run Build Command(s):/usr/bin/make -f Makefile cmTC_d5f39/fast && /Library/Developer/CommandLineTools/usr/bin/make  -f CMakeFiles/cmTC_d5f39.dir/build.make CMakeFiles/cmTC_d5f39.dir/build
Building CXX object CMakeFiles/cmTC_d5f39.dir/CMakeCXXCompilerABI.cpp.o
/Library/Developer/CommandLineTools/usr/bin/c++   -isysroot /Library/Developer/CommandLineTools/SDKs/MacOSX10.15.sdk   -v -Wl,-v -MD -MT CMakeFiles/cmTC_d5f39.dir/CMakeCXXCompilerABI.cpp.o -MF CMakeFiles/cmTC_d5f39.dir/CMakeCXXCompilerABI.cpp.o.d -o CMakeFiles/cmTC_d5f39.dir/CMakeCXXCompilerABI.cpp.o -c /usr/local/Cellar/cmake/3.22.1/share/cmake/Modules/CMakeCXXCompilerABI.cpp
Apple clang version 11.0.3 (clang-1103.0.32.62)
Target: x86_64-apple-darwin21.1.0
Thread model: posix
InstalledDir: /Library/Developer/CommandLineTools/usr/bin
clang: warning: -Wl,-v: 'linker' input unused [-Wunused-command-line-argument]
 "/Library/Developer/CommandLineTools/usr/bin/clang" -cc1 -triple x86_64-apple-macosx10.15.4 -Wdeprecated-objc-isa-usage -Werror=deprecated-objc-isa-usage -emit-obj -mrelax-all -disable-free -disable-llvm-verifier -discard-value-names -main-file-name CMakeCXXCompilerABI.cpp -mrelocation-model pic -pic-level 2 -mthread-model posix -mframe-pointer=all -fno-strict-return -masm-verbose -munwind-tables -target-sdk-version=10.15.4 -target-cpu penryn -dwarf-column-info -debugger-tuning=lldb -target-linker-version 556.6 -v -coverage-notes-file /Users/isaac/Downloads/loessFIVER/dloess/build/CMakeFiles/CMakeTmp/CMakeFiles/cmTC_d5f39.dir/CMakeCXXCompilerABI.cpp.gcno -resource-dir /Library/Developer/CommandLineTools/usr/lib/clang/11.0.3 -dependency-file CMakeFiles/cmTC_d5f39.dir/CMakeCXXCompilerABI.cpp.o.d -skip-unused-modulemap-deps -sys-header-deps -MT CMakeFiles/cmTC_d5f39.dir/CMakeCXXCompilerABI.cpp.o -isysroot /Library/Developer/CommandLineTools/SDKs/MacOSX10.15.sdk -stdlib=libc++ -internal-isystem /Library/Developer/CommandLineTools/usr/bin/../include/c++/v1 -internal-isystem /Library/Developer/CommandLineTools/SDKs/MacOSX10.15.sdk/usr/include/c++/v1 -internal-isystem /Library/Developer/CommandLineTools/SDKs/MacOSX10.15.sdk/usr/local/include -internal-isystem /Library/Developer/CommandLineTools/usr/lib/clang/11.0.3/include -internal-externc-isystem /Library/Developer/CommandLineTools/SDKs/MacOSX10.15.sdk/usr/include -internal-externc-isystem /Library/Developer/CommandLineTools/usr/include -Wno-objc-signed-char-bool-implicit-int-conversion -Wno-extra-semi-stmt -Wno-quoted-include-in-framework-header -fdeprecated-macro -fdebug-compilation-dir /Users/isaac/Downloads/loessFIVER/dloess/build/CMakeFiles/CMakeTmp -ferror-limit 19 -fmessage-length 0 -stack-protector 1 -fstack-check -mdarwin-stkchk-strong-link -fblocks -fencode-extended-block-signature -fregister-global-dtors-with-atexit -fobjc-runtime=macosx-10.15.4 -fcxx-exceptions -fexceptions -fmax-type-align=16 -fdiagnostics-show-option -o CMakeFiles/cmTC_d5f39.dir/CMakeCXXCompilerABI.cpp.o -x c++ /usr/local/Cellar/cmake/3.22.1/share/cmake/Modules/CMakeCXXCompilerABI.cpp
clang -cc1 version 11.0.3 (clang-1103.0.32.62) default target x86_64-apple-darwin21.1.0
ignoring nonexistent directory "/Library/Developer/CommandLineTools/SDKs/MacOSX10.15.sdk/usr/include/c++/v1"
ignoring nonexistent directory "/Library/Developer/CommandLineTools/SDKs/MacOSX10.15.sdk/usr/local/include"
ignoring nonexistent directory "/Library/Developer/CommandLineTools/SDKs/MacOSX10.15.sdk/Library/Frameworks"
#include "..." search starts here:
#include <...> search starts here:
 /Library/Developer/CommandLineTools/usr/bin/../include/c++/v1
 /Library/Developer/CommandLineTools/usr/lib/clang/11.0.3/include
 /Library/Developer/CommandLineTools/SDKs/MacOSX10.15.sdk/usr/include
 /Library/Developer/CommandLineTools/usr/include
 /Library/Developer/CommandLineTools/SDKs/MacOSX10.15.sdk/System/Library/Frameworks (framework directory)
End of search list.
Linking CXX executable cmTC_d5f39
/usr/local/Cellar/cmake/3.22.1/bin/cmake -E cmake_link_script CMakeFiles/cmTC_d5f39.dir/link.txt --verbose=1
/Library/Developer/CommandLineTools/usr/bin/c++  -isysroot /Library/Developer/CommandLineTools/SDKs/MacOSX10.15.sdk -Wl,-search_paths_first -Wl,-headerpad_max_install_names  -v -Wl,-v CMakeFiles/cmTC_d5f39.dir/CMakeCXXCompilerABI.cpp.o -o cmTC_d5f39 
Apple clang version 11.0.3 (clang-1103.0.32.62)
Target: x86_64-apple-darwin21.1.0
Thread model: posix
InstalledDir: /Library/Developer/CommandLineTools/usr/bin
 "/Library/Developer/CommandLineTools/usr/bin/ld" -demangle -lto_library /Library/Developer/CommandLineTools/usr/lib/libLTO.dylib -dynamic -arch x86_64 -platform_version macos 10.15.4 10.15.4 -syslibroot /Library/Developer/CommandLineTools/SDKs/MacOSX10.15.sdk -o cmTC_d5f39 -search_paths_first -headerpad_max_install_names -v CMakeFiles/cmTC_d5f39.dir/CMakeCXXCompilerABI.cpp.o -lc++ -lSystem /Library/Developer/CommandLineTools/usr/lib/clang/11.0.3/lib/darwin/libclang_rt.osx.a
@(#)PROGRAM:ld  PROJECT:ld64-556.6
BUILD 17:57:49 Apr 24 2020
configured to support archs: armv6 armv7 armv7s arm64 arm64e arm64_32 i386 x86_64 x86_64h armv6m armv7k armv7m armv7em
Library search paths:
	/Library/Developer/CommandLineTools/SDKs/MacOSX10.15.sdk/usr/lib
Framework search paths:
	/Library/Developer/CommandLineTools/SDKs/MacOSX10.15.sdk/System/Library/Frameworks/



Parsed CXX implicit include dir info from above output: rv=done
  found start of include info
  found start of implicit include info
    add: [/Library/Developer/CommandLineTools/usr/bin/../include/c++/v1]
    add: [/Library/Developer/CommandLineTools/usr/lib/clang/11.0.3/include]
    add: [/Library/Developer/CommandLineTools/SDKs/MacOSX10.15.sdk/usr/include]
    add: [/Library/Developer/CommandLineTools/usr/include]
  end of search list found
  collapse include dir [/Library/Developer/CommandLineTools/usr/bin/../include/c++/v1] ==> [/Library/Developer/CommandLineTools/usr/include/c++/v1]
  collapse include dir [/Library/Developer/CommandLineTools/usr/lib/clang/11.0.3/include] ==> [/Library/Developer/CommandLineTools/usr/lib/clang/11.0.3/include]
  collapse include dir [/Library/Developer/CommandLineTools/SDKs/MacOSX10.15.sdk/usr/include] ==> [/Library/Developer/CommandLineTools/SDKs/MacOSX10.15.sdk/usr/include]
  collapse include dir [/Library/Developer/CommandLineTools/usr/include] ==> [/Library/Developer/CommandLineTools/usr/include]
  implicit include dirs: [/Library/Developer/CommandLineTools/usr/include/c++/v1;/Library/Developer/CommandLineTools/usr/lib/clang/11.0.3/include;/Library/Developer/CommandLineTools/SDKs/MacOSX10.15.sdk/usr/include;/Library/Developer/CommandLineTools/usr/include]


Parsed CXX implicit link information from above output:
  link line regex: [^( *|.*[/\])(ld|CMAKE_LINK_STARTFILE-NOTFOUND|([^/\]+-)?ld|collect2)[^/\]*( |$)]
  ignore line: [Change Dir: /Users/isaac/Downloads/loessFIVER/dloess/build/CMakeFiles/CMakeTmp]
  ignore line: []
  ignore line: [Run Build Command(s):/usr/bin/make -f Makefile cmTC_d5f39/fast && /Library/Developer/CommandLineTools/usr/bin/make  -f CMakeFiles/cmTC_d5f39.dir/build.make CMakeFiles/cmTC_d5f39.dir/build]
  ignore line: [Building CXX object CMakeFiles/cmTC_d5f39.dir/CMakeCXXCompilerABI.cpp.o]
  ignore line: [/Library/Developer/CommandLineTools/usr/bin/c++   -isysroot /Library/Developer/CommandLineTools/SDKs/MacOSX10.15.sdk   -v -Wl -v -MD -MT CMakeFiles/cmTC_d5f39.dir/CMakeCXXCompilerABI.cpp.o -MF CMakeFiles/cmTC_d5f39.dir/CMakeCXXCompilerABI.cpp.o.d -o CMakeFiles/cmTC_d5f39.dir/CMakeCXXCompilerABI.cpp.o -c /usr/local/Cellar/cmake/3.22.1/share/cmake/Modules/CMakeCXXCompilerABI.cpp]
  ignore line: [Apple clang version 11.0.3 (clang-1103.0.32.62)]
  ignore line: [Target: x86_64-apple-darwin21.1.0]
  ignore line: [Thread model: posix]
  ignore line: [InstalledDir: /Library/Developer/CommandLineTools/usr/bin]
  ignore line: [clang: warning: -Wl -v: 'linker' input unused [-Wunused-command-line-argument]]
  ignore line: [ "/Library/Developer/CommandLineTools/usr/bin/clang" -cc1 -triple x86_64-apple-macosx10.15.4 -Wdeprecated-objc-isa-usage -Werror=deprecated-objc-isa-usage -emit-obj -mrelax-all -disable-free -disable-llvm-verifier -discard-value-names -main-file-name CMakeCXXCompilerABI.cpp -mrelocation-model pic -pic-level 2 -mthread-model posix -mframe-pointer=all -fno-strict-return -masm-verbose -munwind-tables -target-sdk-version=10.15.4 -target-cpu penryn -dwarf-column-info -debugger-tuning=lldb -target-linker-version 556.6 -v -coverage-notes-file /Users/isaac/Downloads/loessFIVER/dloess/build/CMakeFiles/CMakeTmp/CMakeFiles/cmTC_d5f39.dir/CMakeCXXCompilerABI.cpp.gcno -resource-dir /Library/Developer/CommandLineTools/usr/lib/clang/11.0.3 -dependency-file CMakeFiles/cmTC_d5f39.dir/CMakeCXXCompilerABI.cpp.o.d -skip-unused-modulemap-deps -sys-header-deps -MT CMakeFiles/cmTC_d5f39.dir/CMakeCXXCompilerABI.cpp.o -isysroot /Library/Developer/CommandLineTools/SDKs/MacOSX10.15.sdk -stdlib=libc++ -internal-isystem /Library/Developer/CommandLineTools/usr/bin/../include/c++/v1 -internal-isystem /Library/Developer/CommandLineTools/SDKs/MacOSX10.15.sdk/usr/include/c++/v1 -internal-isystem /Library/Developer/CommandLineTools/SDKs/MacOSX10.15.sdk/usr/local/include -internal-isystem /Library/Developer/CommandLineTools/usr/lib/clang/11.0.3/include -internal-externc-isystem /Library/Developer/CommandLineTools/SDKs/MacOSX10.15.sdk/usr/include -internal-externc-isystem /Library/Developer/CommandLineTools/usr/include -Wno-objc-signed-char-bool-implicit-int-conversion -Wno-extra-semi-stmt -Wno-quoted-include-in-framework-header -fdeprecated-macro -fdebug-compilation-dir /Users/isaac/Downloads/loessFIVER/dloess/build/CMakeFiles/CMakeTmp -ferror-limit 19 -fmessage-length 0 -stack-protector 1 -fstack-check -mdarwin-stkchk-strong-link -fblocks -fencode-extended-block-signature -fregister-global-dtors-with-atexit -fobjc-runtime=macosx-10.15.4 -fcxx-exceptions -fexceptions -fmax-type-align=16 -fdiagnostics-show-option -o CMakeFiles/cmTC_d5f39.dir/CMakeCXXCompilerABI.cpp.o -x c++ /usr/local/Cellar/cmake/3.22.1/share/cmake/Modules/CMakeCXXCompilerABI.cpp]
  ignore line: [clang -cc1 version 11.0.3 (clang-1103.0.32.62) default target x86_64-apple-darwin21.1.0]
  ignore line: [ignoring nonexistent directory "/Library/Developer/CommandLineTools/SDKs/MacOSX10.15.sdk/usr/include/c++/v1"]
  ignore line: [ignoring nonexistent directory "/Library/Developer/CommandLineTools/SDKs/MacOSX10.15.sdk/usr/local/include"]
  ignore line: [ignoring nonexistent directory "/Library/Developer/CommandLineTools/SDKs/MacOSX10.15.sdk/Library/Frameworks"]
  ignore line: [#include "..." search starts here:]
  ignore line: [#include <...> search starts here:]
  ignore line: [ /Library/Developer/CommandLineTools/usr/bin/../include/c++/v1]
  ignore line: [ /Library/Developer/CommandLineTools/usr/lib/clang/11.0.3/include]
  ignore line: [ /Library/Developer/CommandLineTools/SDKs/MacOSX10.15.sdk/usr/include]
  ignore line: [ /Library/Developer/CommandLineTools/usr/include]
  ignore line: [ /Library/Developer/CommandLineTools/SDKs/MacOSX10.15.sdk/System/Library/Frameworks (framework directory)]
  ignore line: [End of search list.]
  ignore line: [Linking CXX executable cmTC_d5f39]
  ignore line: [/usr/local/Cellar/cmake/3.22.1/bin/cmake -E cmake_link_script CMakeFiles/cmTC_d5f39.dir/link.txt --verbose=1]
  ignore line: [/Library/Developer/CommandLineTools/usr/bin/c++  -isysroot /Library/Developer/CommandLineTools/SDKs/MacOSX10.15.sdk -Wl -search_paths_first -Wl -headerpad_max_install_names  -v -Wl -v CMakeFiles/cmTC_d5f39.dir/CMakeCXXCompilerABI.cpp.o -o cmTC_d5f39 ]
  ignore line: [Apple clang version 11.0.3 (clang-1103.0.32.62)]
  ignore line: [Target: x86_64-apple-darwin21.1.0]
  ignore line: [Thread model: posix]
  ignore line: [InstalledDir: /Library/Developer/CommandLineTools/usr/bin]
  link line: [ "/Library/Developer/CommandLineTools/usr/bin/ld" -demangle -lto_library /Library/Developer/CommandLineTools/usr/lib/libLTO.dylib -dynamic -arch x86_64 -platform_version macos 10.15.4 10.15.4 -syslibroot /Library/Developer/CommandLineTools/SDKs/MacOSX10.15.sdk -o cmTC_d5f39 -search_paths_first -headerpad_max_install_names -v CMakeFiles/cmTC_d5f39.dir/CMakeCXXCompilerABI.cpp.o -lc++ -lSystem /Library/Developer/CommandLineTools/usr/lib/clang/11.0.3/lib/darwin/libclang_rt.osx.a]
    arg [/Library/Developer/CommandLineTools/usr/bin/ld] ==> ignore
    arg [-demangle] ==> ignore
    arg [-lto_library] ==> ignore, skip following value
    arg [/Library/Developer/CommandLineTools/usr/lib/libLTO.dylib] ==> skip value of -lto_library
    arg [-dynamic] ==> ignore
    arg [-arch] ==> ignore
    arg [x86_64] ==> ignore
    arg [-platform_version] ==> ignore
    arg [macos] ==> ignore
    arg [10.15.4] ==> ignore
    arg [10.15.4] ==> ignore
    arg [-syslibroot] ==> ignore
    arg [/Library/Developer/CommandLineTools/SDKs/MacOSX10.15.sdk] ==> ignore
    arg [-o] ==> ignore
    arg [cmTC_d5f39] ==> ignore
    arg [-search_paths_first] ==> ignore
    arg [-headerpad_max_install_names] ==> ignore
    arg [-v] ==> ignore
    arg [CMakeFiles/cmTC_d5f39.dir/CMakeCXXCompilerABI.cpp.o] ==> ignore
    arg [-lc++] ==> lib [c++]
    arg [-lSystem] ==> lib [System]
    arg [/Library/Developer/CommandLineTools/usr/lib/clang/11.0.3/lib/darwin/libclang_rt.osx.a] ==> lib [/Library/Developer/CommandLineTools/usr/lib/clang/11.0.3/lib/darwin/libclang_rt.osx.a]
  Library search paths: [;/Library/Developer/CommandLineTools/SDKs/MacOSX10.15.sdk/usr/lib]
  Framework search paths: [;/Library/Developer/CommandLineTools/SDKs/MacOSX10.15.sdk/System/Library/Frameworks/]
  remove lib [System]
  remove lib [/Library/Developer/CommandLineTools/usr/lib/clang/11.0.3/lib/darwin/libclang_rt.osx.a]
  collapse library dir [/Library/Developer/CommandLineTools/SDKs/MacOSX10.15.sdk/usr/lib] ==> [/Library/Developer/CommandLineTools/SDKs/MacOSX10.15.sdk/usr/lib]
  collapse framework dir [/Library/Developer/CommandLineTools/SDKs/MacOSX10.15.sdk/System/Library/Frameworks/] ==> [/Library/Developer/CommandLineTools/SDKs/MacOSX10.15.sdk/System/Library/Frameworks]
  implicit libs: [c++]
  implicit objs: []
  implicit dirs: [/Library/Developer/CommandLineTools/SDKs/MacOSX10.15.sdk/usr/lib]
  implicit fwks: [/Library/Developer/CommandLineTools/SDKs/MacOSX10.15.sdk/System/Library/Frameworks]


Compiling the Fortran compiler identification source file "CMakeFortranCompilerId.F" succeeded.
Compiler: /usr/local/bin/gfortran 
Build flags: 
Id flags: -v 

The output was:
0
Driving: /usr/local/bin/gfortran -v CMakeFortranCompilerId.F -mmacosx-version-min=10.17.0 -asm_macosx_version_min=10.17 -l gfortran -shared-libgcc
Using built-in specs.
COLLECT_GCC=/usr/local/bin/gfortran
COLLECT_LTO_WRAPPER=/usr/local/gfortran/libexec/gcc/x86_64-apple-darwin18/8.2.0/lto-wrapper
Target: x86_64-apple-darwin18
Configured with: ../gcc-8.2.0/configure --prefix=/usr/local/gfortran --with-gmp=/Users/fx/devel/gcc/build_package/deps --enable-languages=c,c++,fortran,objc,obj-c++ --build=x86_64-apple-darwin18 --disable-multilib --with-native-system-header-dir=/usr/include --with-sysroot=/Library/Developer/CommandLineTools/SDKs/MacOSX.sdk
Thread model: posix
gcc version 8.2.0 (GCC) 
COLLECT_GCC_OPTIONS='-v' '-mmacosx-version-min=10.17.0' '-asm_macosx_version_min=10.17' '-shared-libgcc' '-mtune=core2'
 /usr/local/gfortran/libexec/gcc/x86_64-apple-darwin18/8.2.0/f951 CMakeFortranCompilerId.F -ffixed-form -cpp=/var/folders/_c/v1bl672x2xq_sxws491mrskw0000gn/T//ccikMvGI.f90 -quiet -v -D__DYNAMIC__ CMakeFortranCompilerId.F -fPIC -quiet -dumpbase CMakeFortranCompilerId.F -mmacosx-version-min=10.17.0 -mtune=core2 -auxbase CMakeFortranCompilerId -version -fintrinsic-modules-path /usr/local/gfortran/lib/gcc/x86_64-apple-darwin18/8.2.0/finclude -o /var/folders/_c/v1bl672x2xq_sxws491mrskw0000gn/T//cc31bhWl.s
GNU Fortran (GCC) version 8.2.0 (x86_64-apple-darwin18)
	compiled by GNU C version 8.2.0, GMP version 6.1.2, MPFR version 4.0.1, MPC version 1.1.0, isl version isl-0.20-GMP

GGC heuristics: --param ggc-min-expand=100 --param ggc-min-heapsize=131072
ignoring nonexistent directory "/Library/Developer/CommandLineTools/SDKs/MacOSX.sdk/usr/local/include"
ignoring nonexistent directory "/usr/local/gfortran/lib/gcc/x86_64-apple-darwin18/8.2.0/../../../../x86_64-apple-darwin18/include"
#include "..." search starts here:
#include <...> search starts here:
 /usr/local/gfortran/lib/gcc/x86_64-apple-darwin18/8.2.0/finclude
 /usr/local/gfortran/lib/gcc/x86_64-apple-darwin18/8.2.0/include
 /usr/local/gfortran/lib/gcc/x86_64-apple-darwin18/8.2.0/include-fixed
 /Library/Developer/CommandLineTools/SDKs/MacOSX.sdk/usr/include
End of search list.
GNU Fortran2008 (GCC) version 8.2.0 (x86_64-apple-darwin18)
	compiled by GNU C version 8.2.0, GMP version 6.1.2, MPFR version 4.0.1, MPC version 1.1.0, isl version isl-0.20-GMP

GGC heuristics: --param ggc-min-expand=100 --param ggc-min-heapsize=131072
COLLECT_GCC_OPTIONS='-v' '-mmacosx-version-min=10.17.0'  '-shared-libgcc' '-mtune=core2'
 as -arch x86_64 -v -force_cpusubtype_ALL -mmacosx-version-min=10.17 -o /var/folders/_c/v1bl672x2xq_sxws491mrskw0000gn/T//cciFkQCn.o /var/folders/_c/v1bl672x2xq_sxws491mrskw0000gn/T//cc31bhWl.s
Apple clang version 11.0.3 (clang-1103.0.32.62)
Target: x86_64-apple-darwin21.1.0
Thread model: posix
InstalledDir: /Library/Developer/CommandLineTools/usr/bin
 "/Library/Developer/CommandLineTools/usr/bin/clang" -cc1as -triple x86_64-apple-macosx10.17.0 -filetype obj -main-file-name cc31bhWl.s -target-cpu penryn -fdebug-compilation-dir /Users/isaac/Downloads/loessFIVER/dloess/build/CMakeFiles/3.22.1/CompilerIdFortran -dwarf-debug-producer "Apple clang version 11.0.3 (clang-1103.0.32.62)" -dwarf-version=4 -mrelocation-model pic -o /var/folders/_c/v1bl672x2xq_sxws491mrskw0000gn/T//cciFkQCn.o /var/folders/_c/v1bl672x2xq_sxws491mrskw0000gn/T//cc31bhWl.s
Reading specs from /usr/local/gfortran/lib/gcc/x86_64-apple-darwin18/8.2.0/../../../libgfortran.spec
rename spec lib to liborig
COLLECT_GCC_OPTIONS='-v' '-mmacosx-version-min=10.17.0'  '-shared-libgcc' '-mtune=core2'
COMPILER_PATH=/usr/local/gfortran/libexec/gcc/x86_64-apple-darwin18/8.2.0/:/usr/local/gfortran/libexec/gcc/x86_64-apple-darwin18/8.2.0/:/usr/local/gfortran/libexec/gcc/x86_64-apple-darwin18/:/usr/local/gfortran/lib/gcc/x86_64-apple-darwin18/8.2.0/:/usr/local/gfortran/lib/gcc/x86_64-apple-darwin18/
LIBRARY_PATH=/usr/local/gfortran/lib/gcc/x86_64-apple-darwin18/8.2.0/:/usr/local/gfortran/lib/gcc/x86_64-apple-darwin18/8.2.0/../../../
COLLECT_GCC_OPTIONS='-v' '-mmacosx-version-min=10.17.0'  '-shared-libgcc' '-mtune=core2'
 /usr/local/gfortran/libexec/gcc/x86_64-apple-darwin18/8.2.0/collect2 -syslibroot /Library/Developer/CommandLineTools/SDKs/MacOSX.sdk/ -dynamic -arch x86_64 -macosx_version_min 10.17.0 -weak_reference_mismatches non-weak -o a.out -L/usr/local/gfortran/lib/gcc/x86_64-apple-darwin18/8.2.0 -L/usr/local/gfortran/lib/gcc/x86_64-apple-darwin18/8.2.0/../../.. /var/folders/_c/v1bl672x2xq_sxws491mrskw0000gn/T//cciFkQCn.o -lgfortran -no_compact_unwind -lSystem -lgcc_ext.10.5 -lgcc -lquadmath -lm -lgcc_ext.10.5 -lgcc -lSystem -v
collect2 version 8.2.0
/usr/bin/ld -syslibroot /Library/Developer/CommandLineTools/SDKs/MacOSX.sdk/ -dynamic -arch x86_64 -macosx_version_min 10.17.0 -weak_reference_mismatches non-weak -o a.out -L/usr/local/gfortran/lib/gcc/x86_64-apple-darwin18/8.2.0 -L/usr/local/gfortran/lib/gcc/x86_64-apple-darwin18/8.2.0/../../.. /var/folders/_c/v1bl672x2xq_sxws491mrskw0000gn/T//cciFkQCn.o -lgfortran -no_compact_unwind -lSystem -lgcc_ext.10.5 -lgcc -lquadmath -lm -lgcc_ext.10.5 -lgcc -lSystem -v
@(#)PROGRAM:ld  PROJECT:ld64-556.6
BUILD 17:57:49 Apr 24 2020
configured to support archs: armv6 armv7 armv7s arm64 arm64e arm64_32 i386 x86_64 x86_64h armv6m armv7k armv7m armv7em
Library search paths:
	/usr/local/gfortran/lib/gcc/x86_64-apple-darwin18/8.2.0
	/usr/local/gfortran/lib
	/Library/Developer/CommandLineTools/SDKs/MacOSX.sdk/usr/lib
Framework search paths:
	/Library/Developer/CommandLineTools/SDKs/MacOSX.sdk/System/Library/Frameworks/
 /usr/bin/nm -n /var/folders/_c/v1bl672x2xq_sxws491mrskw0000gn/T//cciFkQCn.o


Compilation of the Fortran compiler identification source "CMakeFortranCompilerId.F" produced "a.out"

The Fortran compiler identification is GNU, found in "/Users/isaac/Downloads/loessFIVER/dloess/build/CMakeFiles/3.22.1/CompilerIdFortran/a.out"

Detecting Fortran compiler ABI info compiled with the following output:
Change Dir: /Users/isaac/Downloads/loessFIVER/dloess/build/CMakeFiles/CMakeTmp

Run Build Command(s):/usr/bin/make -f Makefile cmTC_23f73/fast && /Library/Developer/CommandLineTools/usr/bin/make  -f CMakeFiles/cmTC_23f73.dir/build.make CMakeFiles/cmTC_23f73.dir/build
Building Fortran object CMakeFiles/cmTC_23f73.dir/CMakeFortranCompilerABI.F90.o
/usr/local/bin/gfortran   -isysroot /Library/Developer/CommandLineTools/SDKs/MacOSX10.15.sdk   -v -Wl,-v -c /usr/local/Cellar/cmake/3.22.1/share/cmake/Modules/CMakeFortranCompilerABI.F90 -o CMakeFiles/cmTC_23f73.dir/CMakeFortranCompilerABI.F90.o
Using built-in specs.
COLLECT_GCC=/usr/local/bin/gfortran
Target: x86_64-apple-darwin18
Configured with: ../gcc-8.2.0/configure --prefix=/usr/local/gfortran --with-gmp=/Users/fx/devel/gcc/build_package/deps --enable-languages=c,c++,fortran,objc,obj-c++ --build=x86_64-apple-darwin18 --disable-multilib --with-native-system-header-dir=/usr/include --with-sysroot=/Library/Developer/CommandLineTools/SDKs/MacOSX.sdk
Thread model: posix
gcc version 8.2.0 (GCC) 
COLLECT_GCC_OPTIONS='-isysroot' '/Library/Developer/CommandLineTools/SDKs/MacOSX10.15.sdk' '-v' '-c' '-o' 'CMakeFiles/cmTC_23f73.dir/CMakeFortranCompilerABI.F90.o' '-mmacosx-version-min=10.17.0' '-asm_macosx_version_min=10.17' '-mtune=core2'
 /usr/local/gfortran/libexec/gcc/x86_64-apple-darwin18/8.2.0/f951 /usr/local/Cellar/cmake/3.22.1/share/cmake/Modules/CMakeFortranCompilerABI.F90 -cpp=/var/folders/_c/v1bl672x2xq_sxws491mrskw0000gn/T//ccNFFpIn.f90 -quiet -v -D__DYNAMIC__ -isysroot /Library/Developer/CommandLineTools/SDKs/MacOSX10.15.sdk /usr/local/Cellar/cmake/3.22.1/share/cmake/Modules/CMakeFortranCompilerABI.F90 -fPIC -quiet -dumpbase CMakeFortranCompilerABI.F90 -mmacosx-version-min=10.17.0 -mtune=core2 -auxbase-strip CMakeFiles/cmTC_23f73.dir/CMakeFortranCompilerABI.F90.o -version -fintrinsic-modules-path /usr/local/gfortran/lib/gcc/x86_64-apple-darwin18/8.2.0/finclude -o /var/folders/_c/v1bl672x2xq_sxws491mrskw0000gn/T//cchSC1pP.s
GNU Fortran (GCC) version 8.2.0 (x86_64-apple-darwin18)
	compiled by GNU C version 8.2.0, GMP version 6.1.2, MPFR version 4.0.1, MPC version 1.1.0, isl version isl-0.20-GMP

GGC heuristics: --param ggc-min-expand=100 --param ggc-min-heapsize=131072
ignoring nonexistent directory "/Library/Developer/CommandLineTools/SDKs/MacOSX10.15.sdk/usr/local/include"
ignoring nonexistent directory "/usr/local/gfortran/lib/gcc/x86_64-apple-darwin18/8.2.0/../../../../x86_64-apple-darwin18/include"
#include "..." search starts here:
#include <...> search starts here:
 /usr/local/gfortran/lib/gcc/x86_64-apple-darwin18/8.2.0/finclude
 /usr/local/gfortran/lib/gcc/x86_64-apple-darwin18/8.2.0/include
 /usr/local/gfortran/lib/gcc/x86_64-apple-darwin18/8.2.0/include-fixed
 /Library/Developer/CommandLineTools/SDKs/MacOSX10.15.sdk/usr/include
End of search list.
GNU Fortran2008 (GCC) version 8.2.0 (x86_64-apple-darwin18)
	compiled by GNU C version 8.2.0, GMP version 6.1.2, MPFR version 4.0.1, MPC version 1.1.0, isl version isl-0.20-GMP

GGC heuristics: --param ggc-min-expand=100 --param ggc-min-heapsize=131072
COLLECT_GCC_OPTIONS='-isysroot' '/Library/Developer/CommandLineTools/SDKs/MacOSX10.15.sdk' '-v' '-c' '-o' 'CMakeFiles/cmTC_23f73.dir/CMakeFortranCompilerABI.F90.o' '-mmacosx-version-min=10.17.0'  '-mtune=core2'
 as -arch x86_64 -v -force_cpusubtype_ALL -mmacosx-version-min=10.17 -o CMakeFiles/cmTC_23f73.dir/CMakeFortranCompilerABI.F90.o /var/folders/_c/v1bl672x2xq_sxws491mrskw0000gn/T//cchSC1pP.s
Apple clang version 11.0.3 (clang-1103.0.32.62)
Target: x86_64-apple-darwin21.1.0
Thread model: posix
InstalledDir: /Library/Developer/CommandLineTools/usr/bin
 "/Library/Developer/CommandLineTools/usr/bin/clang" -cc1as -triple x86_64-apple-macosx10.17.0 -filetype obj -main-file-name cchSC1pP.s -target-cpu penryn -fdebug-compilation-dir /Users/isaac/Downloads/loessFIVER/dloess/build/CMakeFiles/CMakeTmp -dwarf-debug-producer "Apple clang version 11.0.3 (clang-1103.0.32.62)" -dwarf-version=4 -mrelocation-model pic -o CMakeFiles/cmTC_23f73.dir/CMakeFortranCompilerABI.F90.o /var/folders/_c/v1bl672x2xq_sxws491mrskw0000gn/T//cchSC1pP.s
COMPILER_PATH=/usr/local/gfortran/libexec/gcc/x86_64-apple-darwin18/8.2.0/:/usr/local/gfortran/libexec/gcc/x86_64-apple-darwin18/8.2.0/:/usr/local/gfortran/libexec/gcc/x86_64-apple-darwin18/:/usr/local/gfortran/lib/gcc/x86_64-apple-darwin18/8.2.0/:/usr/local/gfortran/lib/gcc/x86_64-apple-darwin18/
LIBRARY_PATH=/usr/local/gfortran/lib/gcc/x86_64-apple-darwin18/8.2.0/:/usr/local/gfortran/lib/gcc/x86_64-apple-darwin18/8.2.0/../../../
COLLECT_GCC_OPTIONS='-isysroot' '/Library/Developer/CommandLineTools/SDKs/MacOSX10.15.sdk' '-v' '-c' '-o' 'CMakeFiles/cmTC_23f73.dir/CMakeFortranCompilerABI.F90.o' '-mmacosx-version-min=10.17.0'  '-mtune=core2'
Linking Fortran executable cmTC_23f73
/usr/local/Cellar/cmake/3.22.1/bin/cmake -E cmake_link_script CMakeFiles/cmTC_23f73.dir/link.txt --verbose=1
/usr/local/bin/gfortran  -v -Wl,-v  -isysroot /Library/Developer/CommandLineTools/SDKs/MacOSX10.15.sdk CMakeFiles/cmTC_23f73.dir/CMakeFortranCompilerABI.F90.o -o cmTC_23f73 
Driving: /usr/local/bin/gfortran -v -Wl,-v -isysroot /Library/Developer/CommandLineTools/SDKs/MacOSX10.15.sdk CMakeFiles/cmTC_23f73.dir/CMakeFortranCompilerABI.F90.o -o cmTC_23f73 -mmacosx-version-min=10.17.0 -asm_macosx_version_min=10.17 -l gfortran -shared-libgcc
Using built-in specs.
COLLECT_GCC=/usr/local/bin/gfortran
COLLECT_LTO_WRAPPER=/usr/local/gfortran/libexec/gcc/x86_64-apple-darwin18/8.2.0/lto-wrapper
Target: x86_64-apple-darwin18
Configured with: ../gcc-8.2.0/configure --prefix=/usr/local/gfortran --with-gmp=/Users/fx/devel/gcc/build_package/deps --enable-languages=c,c++,fortran,objc,obj-c++ --build=x86_64-apple-darwin18 --disable-multilib --with-native-system-header-dir=/usr/include --with-sysroot=/Library/Developer/CommandLineTools/SDKs/MacOSX.sdk
Thread model: posix
gcc version 8.2.0 (GCC) 
Reading specs from /usr/local/gfortran/lib/gcc/x86_64-apple-darwin18/8.2.0/../../../libgfortran.spec
rename spec lib to liborig
COLLECT_GCC_OPTIONS='-v' '-isysroot' '/Library/Developer/CommandLineTools/SDKs/MacOSX10.15.sdk' '-o' 'cmTC_23f73' '-mmacosx-version-min=10.17.0' '-asm_macosx_version_min=10.17' '-shared-libgcc' '-mtune=core2'
COMPILER_PATH=/usr/local/gfortran/libexec/gcc/x86_64-apple-darwin18/8.2.0/:/usr/local/gfortran/libexec/gcc/x86_64-apple-darwin18/8.2.0/:/usr/local/gfortran/libexec/gcc/x86_64-apple-darwin18/:/usr/local/gfortran/lib/gcc/x86_64-apple-darwin18/8.2.0/:/usr/local/gfortran/lib/gcc/x86_64-apple-darwin18/
LIBRARY_PATH=/usr/local/gfortran/lib/gcc/x86_64-apple-darwin18/8.2.0/:/usr/local/gfortran/lib/gcc/x86_64-apple-darwin18/8.2.0/../../../
COLLECT_GCC_OPTIONS='-v' '-isysroot' '/Library/Developer/CommandLineTools/SDKs/MacOSX10.15.sdk' '-o' 'cmTC_23f73' '-mmacosx-version-min=10.17.0' '-asm_macosx_version_min=10.17' '-shared-libgcc' '-mtune=core2'
 /usr/local/gfortran/libexec/gcc/x86_64-apple-darwin18/8.2.0/collect2 -dynamic -arch x86_64 -macosx_version_min 10.17.0 -syslibroot /Library/Developer/CommandLineTools/SDKs/MacOSX10.15.sdk -weak_reference_mismatches non-weak -o cmTC_23f73 -L/usr/local/gfortran/lib/gcc/x86_64-apple-darwin18/8.2.0 -L/usr/local/gfortran/lib/gcc/x86_64-apple-darwin18/8.2.0/../../.. -v CMakeFiles/cmTC_23f73.dir/CMakeFortranCompilerABI.F90.o -lgfortran -no_compact_unwind -lSystem -lgcc_ext.10.5 -lgcc -lquadmath -lm -lgcc_ext.10.5 -lgcc -lSystem -v
collect2 version 8.2.0
/usr/bin/ld -dynamic -arch x86_64 -macosx_version_min 10.17.0 -syslibroot /Library/Developer/CommandLineTools/SDKs/MacOSX10.15.sdk -weak_reference_mismatches non-weak -o cmTC_23f73 -L/usr/local/gfortran/lib/gcc/x86_64-apple-darwin18/8.2.0 -L/usr/local/gfortran/lib/gcc/x86_64-apple-darwin18/8.2.0/../../.. -v CMakeFiles/cmTC_23f73.dir/CMakeFortranCompilerABI.F90.o -lgfortran -no_compact_unwind -lSystem -lgcc_ext.10.5 -lgcc -lquadmath -lm -lgcc_ext.10.5 -lgcc -lSystem -v
@(#)PROGRAM:ld  PROJECT:ld64-556.6
BUILD 17:57:49 Apr 24 2020
configured to support archs: armv6 armv7 armv7s arm64 arm64e arm64_32 i386 x86_64 x86_64h armv6m armv7k armv7m armv7em
@(#)PROGRAM:ld  PROJECT:ld64-556.6
BUILD 17:57:49 Apr 24 2020
configured to support archs: armv6 armv7 armv7s arm64 arm64e arm64_32 i386 x86_64 x86_64h armv6m armv7k armv7m armv7em
Library search paths:
	/usr/local/gfortran/lib/gcc/x86_64-apple-darwin18/8.2.0
	/usr/local/gfortran/lib
	/Library/Developer/CommandLineTools/SDKs/MacOSX10.15.sdk/usr/lib
Framework search paths:
	/Library/Developer/CommandLineTools/SDKs/MacOSX10.15.sdk/System/Library/Frameworks/
 /usr/bin/nm -n CMakeFiles/cmTC_23f73.dir/CMakeFortranCompilerABI.F90.o



Parsed Fortran implicit include dir info from above output: rv=done
  found start of include info
  found start of implicit include info
    add: [/usr/local/gfortran/lib/gcc/x86_64-apple-darwin18/8.2.0/finclude]
    add: [/usr/local/gfortran/lib/gcc/x86_64-apple-darwin18/8.2.0/include]
    add: [/usr/local/gfortran/lib/gcc/x86_64-apple-darwin18/8.2.0/include-fixed]
    add: [/Library/Developer/CommandLineTools/SDKs/MacOSX10.15.sdk/usr/include]
  end of search list found
  collapse include dir [/usr/local/gfortran/lib/gcc/x86_64-apple-darwin18/8.2.0/finclude] ==> [/usr/local/gfortran/lib/gcc/x86_64-apple-darwin18/8.2.0/finclude]
  collapse include dir [/usr/local/gfortran/lib/gcc/x86_64-apple-darwin18/8.2.0/include] ==> [/usr/local/gfortran/lib/gcc/x86_64-apple-darwin18/8.2.0/include]
  collapse include dir [/usr/local/gfortran/lib/gcc/x86_64-apple-darwin18/8.2.0/include-fixed] ==> [/usr/local/gfortran/lib/gcc/x86_64-apple-darwin18/8.2.0/include-fixed]
  collapse include dir [/Library/Developer/CommandLineTools/SDKs/MacOSX10.15.sdk/usr/include] ==> [/Library/Developer/CommandLineTools/SDKs/MacOSX10.15.sdk/usr/include]
  implicit include dirs: [/usr/local/gfortran/lib/gcc/x86_64-apple-darwin18/8.2.0/finclude;/usr/local/gfortran/lib/gcc/x86_64-apple-darwin18/8.2.0/include;/usr/local/gfortran/lib/gcc/x86_64-apple-darwin18/8.2.0/include-fixed;/Library/Developer/CommandLineTools/SDKs/MacOSX10.15.sdk/usr/include]


Parsed Fortran implicit link information from above output:
  link line regex: [^( *|.*[/\])(ld|CMAKE_LINK_STARTFILE-NOTFOUND|([^/\]+-)?ld|collect2)[^/\]*( |$)]
  ignore line: [Change Dir: /Users/isaac/Downloads/loessFIVER/dloess/build/CMakeFiles/CMakeTmp]
  ignore line: []
  ignore line: [Run Build Command(s):/usr/bin/make -f Makefile cmTC_23f73/fast && /Library/Developer/CommandLineTools/usr/bin/make  -f CMakeFiles/cmTC_23f73.dir/build.make CMakeFiles/cmTC_23f73.dir/build]
  ignore line: [Building Fortran object CMakeFiles/cmTC_23f73.dir/CMakeFortranCompilerABI.F90.o]
  ignore line: [/usr/local/bin/gfortran   -isysroot /Library/Developer/CommandLineTools/SDKs/MacOSX10.15.sdk   -v -Wl -v -c /usr/local/Cellar/cmake/3.22.1/share/cmake/Modules/CMakeFortranCompilerABI.F90 -o CMakeFiles/cmTC_23f73.dir/CMakeFortranCompilerABI.F90.o]
  ignore line: [Using built-in specs.]
  ignore line: [COLLECT_GCC=/usr/local/bin/gfortran]
  ignore line: [Target: x86_64-apple-darwin18]
  ignore line: [Configured with: ../gcc-8.2.0/configure --prefix=/usr/local/gfortran --with-gmp=/Users/fx/devel/gcc/build_package/deps --enable-languages=c c++ fortran objc obj-c++ --build=x86_64-apple-darwin18 --disable-multilib --with-native-system-header-dir=/usr/include --with-sysroot=/Library/Developer/CommandLineTools/SDKs/MacOSX.sdk]
  ignore line: [Thread model: posix]
  ignore line: [gcc version 8.2.0 (GCC) ]
  ignore line: [COLLECT_GCC_OPTIONS='-isysroot' '/Library/Developer/CommandLineTools/SDKs/MacOSX10.15.sdk' '-v' '-c' '-o' 'CMakeFiles/cmTC_23f73.dir/CMakeFortranCompilerABI.F90.o' '-mmacosx-version-min=10.17.0' '-asm_macosx_version_min=10.17' '-mtune=core2']
  ignore line: [ /usr/local/gfortran/libexec/gcc/x86_64-apple-darwin18/8.2.0/f951 /usr/local/Cellar/cmake/3.22.1/share/cmake/Modules/CMakeFortranCompilerABI.F90 -cpp=/var/folders/_c/v1bl672x2xq_sxws491mrskw0000gn/T//ccNFFpIn.f90 -quiet -v -D__DYNAMIC__ -isysroot /Library/Developer/CommandLineTools/SDKs/MacOSX10.15.sdk /usr/local/Cellar/cmake/3.22.1/share/cmake/Modules/CMakeFortranCompilerABI.F90 -fPIC -quiet -dumpbase CMakeFortranCompilerABI.F90 -mmacosx-version-min=10.17.0 -mtune=core2 -auxbase-strip CMakeFiles/cmTC_23f73.dir/CMakeFortranCompilerABI.F90.o -version -fintrinsic-modules-path /usr/local/gfortran/lib/gcc/x86_64-apple-darwin18/8.2.0/finclude -o /var/folders/_c/v1bl672x2xq_sxws491mrskw0000gn/T//cchSC1pP.s]
  ignore line: [GNU Fortran (GCC) version 8.2.0 (x86_64-apple-darwin18)]
  ignore line: [	compiled by GNU C version 8.2.0  GMP version 6.1.2  MPFR version 4.0.1  MPC version 1.1.0  isl version isl-0.20-GMP]
  ignore line: []
  ignore line: [GGC heuristics: --param ggc-min-expand=100 --param ggc-min-heapsize=131072]
  ignore line: [ignoring nonexistent directory "/Library/Developer/CommandLineTools/SDKs/MacOSX10.15.sdk/usr/local/include"]
  ignore line: [ignoring nonexistent directory "/usr/local/gfortran/lib/gcc/x86_64-apple-darwin18/8.2.0/../../../../x86_64-apple-darwin18/include"]
  ignore line: [#include "..." search starts here:]
  ignore line: [#include <...> search starts here:]
  ignore line: [ /usr/local/gfortran/lib/gcc/x86_64-apple-darwin18/8.2.0/finclude]
  ignore line: [ /usr/local/gfortran/lib/gcc/x86_64-apple-darwin18/8.2.0/include]
  ignore line: [ /usr/local/gfortran/lib/gcc/x86_64-apple-darwin18/8.2.0/include-fixed]
  ignore line: [ /Library/Developer/CommandLineTools/SDKs/MacOSX10.15.sdk/usr/include]
  ignore line: [End of search list.]
  ignore line: [GNU Fortran2008 (GCC) version 8.2.0 (x86_64-apple-darwin18)]
  ignore line: [	compiled by GNU C version 8.2.0  GMP version 6.1.2  MPFR version 4.0.1  MPC version 1.1.0  isl version isl-0.20-GMP]
  ignore line: []
  ignore line: [GGC heuristics: --param ggc-min-expand=100 --param ggc-min-heapsize=131072]
  ignore line: [COLLECT_GCC_OPTIONS='-isysroot' '/Library/Developer/CommandLineTools/SDKs/MacOSX10.15.sdk' '-v' '-c' '-o' 'CMakeFiles/cmTC_23f73.dir/CMakeFortranCompilerABI.F90.o' '-mmacosx-version-min=10.17.0'  '-mtune=core2']
  ignore line: [ as -arch x86_64 -v -force_cpusubtype_ALL -mmacosx-version-min=10.17 -o CMakeFiles/cmTC_23f73.dir/CMakeFortranCompilerABI.F90.o /var/folders/_c/v1bl672x2xq_sxws491mrskw0000gn/T//cchSC1pP.s]
  ignore line: [Apple clang version 11.0.3 (clang-1103.0.32.62)]
  ignore line: [Target: x86_64-apple-darwin21.1.0]
  ignore line: [Thread model: posix]
  ignore line: [InstalledDir: /Library/Developer/CommandLineTools/usr/bin]
  ignore line: [ "/Library/Developer/CommandLineTools/usr/bin/clang" -cc1as -triple x86_64-apple-macosx10.17.0 -filetype obj -main-file-name cchSC1pP.s -target-cpu penryn -fdebug-compilation-dir /Users/isaac/Downloads/loessFIVER/dloess/build/CMakeFiles/CMakeTmp -dwarf-debug-producer "Apple clang version 11.0.3 (clang-1103.0.32.62)" -dwarf-version=4 -mrelocation-model pic -o CMakeFiles/cmTC_23f73.dir/CMakeFortranCompilerABI.F90.o /var/folders/_c/v1bl672x2xq_sxws491mrskw0000gn/T//cchSC1pP.s]
  ignore line: [COMPILER_PATH=/usr/local/gfortran/libexec/gcc/x86_64-apple-darwin18/8.2.0/:/usr/local/gfortran/libexec/gcc/x86_64-apple-darwin18/8.2.0/:/usr/local/gfortran/libexec/gcc/x86_64-apple-darwin18/:/usr/local/gfortran/lib/gcc/x86_64-apple-darwin18/8.2.0/:/usr/local/gfortran/lib/gcc/x86_64-apple-darwin18/]
  ignore line: [LIBRARY_PATH=/usr/local/gfortran/lib/gcc/x86_64-apple-darwin18/8.2.0/:/usr/local/gfortran/lib/gcc/x86_64-apple-darwin18/8.2.0/../../../]
  ignore line: [COLLECT_GCC_OPTIONS='-isysroot' '/Library/Developer/CommandLineTools/SDKs/MacOSX10.15.sdk' '-v' '-c' '-o' 'CMakeFiles/cmTC_23f73.dir/CMakeFortranCompilerABI.F90.o' '-mmacosx-version-min=10.17.0'  '-mtune=core2']
  ignore line: [Linking Fortran executable cmTC_23f73]
  ignore line: [/usr/local/Cellar/cmake/3.22.1/bin/cmake -E cmake_link_script CMakeFiles/cmTC_23f73.dir/link.txt --verbose=1]
  ignore line: [/usr/local/bin/gfortran  -v -Wl -v  -isysroot /Library/Developer/CommandLineTools/SDKs/MacOSX10.15.sdk CMakeFiles/cmTC_23f73.dir/CMakeFortranCompilerABI.F90.o -o cmTC_23f73 ]
  ignore line: [Driving: /usr/local/bin/gfortran -v -Wl -v -isysroot /Library/Developer/CommandLineTools/SDKs/MacOSX10.15.sdk CMakeFiles/cmTC_23f73.dir/CMakeFortranCompilerABI.F90.o -o cmTC_23f73 -mmacosx-version-min=10.17.0 -asm_macosx_version_min=10.17 -l gfortran -shared-libgcc]
  ignore line: [Using built-in specs.]
  ignore line: [COLLECT_GCC=/usr/local/bin/gfortran]
  ignore line: [COLLECT_LTO_WRAPPER=/usr/local/gfortran/libexec/gcc/x86_64-apple-darwin18/8.2.0/lto-wrapper]
  ignore line: [Target: x86_64-apple-darwin18]
  ignore line: [Configured with: ../gcc-8.2.0/configure --prefix=/usr/local/gfortran --with-gmp=/Users/fx/devel/gcc/build_package/deps --enable-languages=c c++ fortran objc obj-c++ --build=x86_64-apple-darwin18 --disable-multilib --with-native-system-header-dir=/usr/include --with-sysroot=/Library/Developer/CommandLineTools/SDKs/MacOSX.sdk]
  ignore line: [Thread model: posix]
  ignore line: [gcc version 8.2.0 (GCC) ]
  ignore line: [Reading specs from /usr/local/gfortran/lib/gcc/x86_64-apple-darwin18/8.2.0/../../../libgfortran.spec]
  ignore line: [rename spec lib to liborig]
  ignore line: [COLLECT_GCC_OPTIONS='-v' '-isysroot' '/Library/Developer/CommandLineTools/SDKs/MacOSX10.15.sdk' '-o' 'cmTC_23f73' '-mmacosx-version-min=10.17.0' '-asm_macosx_version_min=10.17' '-shared-libgcc' '-mtune=core2']
  ignore line: [COMPILER_PATH=/usr/local/gfortran/libexec/gcc/x86_64-apple-darwin18/8.2.0/:/usr/local/gfortran/libexec/gcc/x86_64-apple-darwin18/8.2.0/:/usr/local/gfortran/libexec/gcc/x86_64-apple-darwin18/:/usr/local/gfortran/lib/gcc/x86_64-apple-darwin18/8.2.0/:/usr/local/gfortran/lib/gcc/x86_64-apple-darwin18/]
  ignore line: [LIBRARY_PATH=/usr/local/gfortran/lib/gcc/x86_64-apple-darwin18/8.2.0/:/usr/local/gfortran/lib/gcc/x86_64-apple-darwin18/8.2.0/../../../]
  ignore line: [COLLECT_GCC_OPTIONS='-v' '-isysroot' '/Library/Developer/CommandLineTools/SDKs/MacOSX10.15.sdk' '-o' 'cmTC_23f73' '-mmacosx-version-min=10.17.0' '-asm_macosx_version_min=10.17' '-shared-libgcc' '-mtune=core2']
  link line: [ /usr/local/gfortran/libexec/gcc/x86_64-apple-darwin18/8.2.0/collect2 -dynamic -arch x86_64 -macosx_version_min 10.17.0 -syslibroot /Library/Developer/CommandLineTools/SDKs/MacOSX10.15.sdk -weak_reference_mismatches non-weak -o cmTC_23f73 -L/usr/local/gfortran/lib/gcc/x86_64-apple-darwin18/8.2.0 -L/usr/local/gfortran/lib/gcc/x86_64-apple-darwin18/8.2.0/../../.. -v CMakeFiles/cmTC_23f73.dir/CMakeFortranCompilerABI.F90.o -lgfortran -no_compact_unwind -lSystem -lgcc_ext.10.5 -lgcc -lquadmath -lm -lgcc_ext.10.5 -lgcc -lSystem -v]
    arg [/usr/local/gfortran/libexec/gcc/x86_64-apple-darwin18/8.2.0/collect2] ==> ignore
    arg [-dynamic] ==> ignore
    arg [-arch] ==> ignore
    arg [x86_64] ==> ignore
    arg [-macosx_version_min] ==> ignore
    arg [10.17.0] ==> ignore
    arg [-syslibroot] ==> ignore
    arg [/Library/Developer/CommandLineTools/SDKs/MacOSX10.15.sdk] ==> ignore
    arg [-weak_reference_mismatches] ==> ignore
    arg [non-weak] ==> ignore
    arg [-o] ==> ignore
    arg [cmTC_23f73] ==> ignore
    arg [-L/usr/local/gfortran/lib/gcc/x86_64-apple-darwin18/8.2.0] ==> dir [/usr/local/gfortran/lib/gcc/x86_64-apple-darwin18/8.2.0]
    arg [-L/usr/local/gfortran/lib/gcc/x86_64-apple-darwin18/8.2.0/../../..] ==> dir [/usr/local/gfortran/lib/gcc/x86_64-apple-darwin18/8.2.0/../../..]
    arg [-v] ==> ignore
    arg [CMakeFiles/cmTC_23f73.dir/CMakeFortranCompilerABI.F90.o] ==> ignore
    arg [-lgfortran] ==> lib [gfortran]
    arg [-no_compact_unwind] ==> ignore
    arg [-lSystem] ==> lib [System]
    arg [-lgcc_ext.10.5] ==> lib [gcc_ext.10.5]
    arg [-lgcc] ==> lib [gcc]
    arg [-lquadmath] ==> lib [quadmath]
    arg [-lm] ==> lib [m]
    arg [-lgcc_ext.10.5] ==> lib [gcc_ext.10.5]
    arg [-lgcc] ==> lib [gcc]
    arg [-lSystem] ==> lib [System]
    arg [-v] ==> ignore
  Library search paths: [;/usr/local/gfortran/lib/gcc/x86_64-apple-darwin18/8.2.0;/usr/local/gfortran/lib;/Library/Developer/CommandLineTools/SDKs/MacOSX10.15.sdk/usr/lib]
  Framework search paths: [;/Library/Developer/CommandLineTools/SDKs/MacOSX10.15.sdk/System/Library/Frameworks/]
  remove lib [System]
  remove lib [System]
  collapse library dir [/usr/local/gfortran/lib/gcc/x86_64-apple-darwin18/8.2.0] ==> [/usr/local/gfortran/lib/gcc/x86_64-apple-darwin18/8.2.0]
  collapse library dir [/usr/local/gfortran/lib/gcc/x86_64-apple-darwin18/8.2.0/../../..] ==> [/usr/local/gfortran/lib]
  collapse library dir [/usr/local/gfortran/lib/gcc/x86_64-apple-darwin18/8.2.0] ==> [/usr/local/gfortran/lib/gcc/x86_64-apple-darwin18/8.2.0]
  collapse library dir [/usr/local/gfortran/lib] ==> [/usr/local/gfortran/lib]
  collapse library dir [/Library/Developer/CommandLineTools/SDKs/MacOSX10.15.sdk/usr/lib] ==> [/Library/Developer/CommandLineTools/SDKs/MacOSX10.15.sdk/usr/lib]
  collapse framework dir [/Library/Developer/CommandLineTools/SDKs/MacOSX10.15.sdk/System/Library/Frameworks/] ==> [/Library/Developer/CommandLineTools/SDKs/MacOSX10.15.sdk/System/Library/Frameworks]
  implicit libs: [gfortran;gcc_ext.10.5;gcc;quadmath;m;gcc_ext.10.5;gcc]
  implicit objs: []
  implicit dirs: [/usr/local/gfortran/lib/gcc/x86_64-apple-darwin18/8.2.0;/usr/local/gfortran/lib;/Library/Developer/CommandLineTools/SDKs/MacOSX10.15.sdk/usr/lib]
  implicit fwks: [/Library/Developer/CommandLineTools/SDKs/MacOSX10.15.sdk/System/Library/Frameworks]


Determining if the include file pthread.h exists passed with the following output:
Change Dir: /Users/isaac/Downloads/loessFIVER/dloess/build/CMakeFiles/CMakeTmp

Run Build Command(s):/usr/bin/make -f Makefile cmTC_6fe4f/fast && /Library/Developer/CommandLineTools/usr/bin/make  -f CMakeFiles/cmTC_6fe4f.dir/build.make CMakeFiles/cmTC_6fe4f.dir/build
Building C object CMakeFiles/cmTC_6fe4f.dir/CheckIncludeFile.c.o
/Library/Developer/CommandLineTools/usr/bin/cc   -isysroot /Library/Developer/CommandLineTools/SDKs/MacOSX10.15.sdk -MD -MT CMakeFiles/cmTC_6fe4f.dir/CheckIncludeFile.c.o -MF CMakeFiles/cmTC_6fe4f.dir/CheckIncludeFile.c.o.d -o CMakeFiles/cmTC_6fe4f.dir/CheckIncludeFile.c.o -c /Users/isaac/Downloads/loessFIVER/dloess/build/CMakeFiles/CMakeTmp/CheckIncludeFile.c
Linking C executable cmTC_6fe4f
/usr/local/Cellar/cmake/3.22.1/bin/cmake -E cmake_link_script CMakeFiles/cmTC_6fe4f.dir/link.txt --verbose=1
/Library/Developer/CommandLineTools/usr/bin/cc  -isysroot /Library/Developer/CommandLineTools/SDKs/MacOSX10.15.sdk -Wl,-search_paths_first -Wl,-headerpad_max_install_names CMakeFiles/cmTC_6fe4f.dir/CheckIncludeFile.c.o -o cmTC_6fe4f 



Performing C SOURCE FILE Test CMAKE_HAVE_LIBC_PTHREAD succeeded with the following output:
Change Dir: /Users/isaac/Downloads/loessFIVER/dloess/build/CMakeFiles/CMakeTmp

Run Build Command(s):/usr/bin/make -f Makefile cmTC_d62ca/fast && /Library/Developer/CommandLineTools/usr/bin/make  -f CMakeFiles/cmTC_d62ca.dir/build.make CMakeFiles/cmTC_d62ca.dir/build
Building C object CMakeFiles/cmTC_d62ca.dir/src.c.o
/Library/Developer/CommandLineTools/usr/bin/cc -DCMAKE_HAVE_LIBC_PTHREAD  -isysroot /Library/Developer/CommandLineTools/SDKs/MacOSX10.15.sdk -MD -MT CMakeFiles/cmTC_d62ca.dir/src.c.o -MF CMakeFiles/cmTC_d62ca.dir/src.c.o.d -o CMakeFiles/cmTC_d62ca.dir/src.c.o -c /Users/isaac/Downloads/loessFIVER/dloess/build/CMakeFiles/CMakeTmp/src.c
Linking C executable cmTC_d62ca
/usr/local/Cellar/cmake/3.22.1/bin/cmake -E cmake_link_script CMakeFiles/cmTC_d62ca.dir/link.txt --verbose=1
/Library/Developer/CommandLineTools/usr/bin/cc  -isysroot /Library/Developer/CommandLineTools/SDKs/MacOSX10.15.sdk -Wl,-search_paths_first -Wl,-headerpad_max_install_names CMakeFiles/cmTC_d62ca.dir/src.c.o -o cmTC_d62ca 


Source file was:
#include <pthread.h>

static void* test_func(void* data)
{
  return data;
}

int main(void)
{
  pthread_t thread;
  pthread_create(&thread, NULL, test_func, NULL);
  pthread_detach(thread);
  pthread_cancel(thread);
  pthread_join(thread, NULL);
  pthread_atfork(NULL, NULL, NULL);
  pthread_exit(NULL);

  return 0;
}

Determining if the Fortran dgemm exists passed with the following output:
Change Dir: /Users/isaac/Downloads/loessFIVER/dloess/build/CMakeFiles/CMakeTmp

Run Build Command(s):/usr/bin/make -f Makefile cmTC_58147/fast && /Library/Developer/CommandLineTools/usr/bin/make  -f CMakeFiles/cmTC_58147.dir/build.make CMakeFiles/cmTC_58147.dir/build
Building Fortran object CMakeFiles/cmTC_58147.dir/testFortranCompiler.f.o
/usr/local/bin/gfortran   -isysroot /Library/Developer/CommandLineTools/SDKs/MacOSX10.15.sdk -c /Users/isaac/Downloads/loessFIVER/dloess/build/CMakeFiles/CMakeTmp/testFortranCompiler.f -o CMakeFiles/cmTC_58147.dir/testFortranCompiler.f.o
Linking Fortran executable cmTC_58147
/usr/local/Cellar/cmake/3.22.1/bin/cmake -E cmake_link_script CMakeFiles/cmTC_58147.dir/link.txt --verbose=1
/usr/local/bin/gfortran  -isysroot /Library/Developer/CommandLineTools/SDKs/MacOSX10.15.sdk CMakeFiles/cmTC_58147.dir/testFortranCompiler.f.o -o cmTC_58147  -framework Accelerate 



