Compiling the C compiler identification source file "CMakeCCompilerId.c" failed.
Compiler: /Library/Developer/CommandLineTools/usr/bin/cc 
Build flags: 
Id flags:  

The output was:
1
ld: library not found for -lSystem
clang: error: linker command failed with exit code 1 (use -v to see invocation)


Compiling the CXX compiler identification source file "CMakeCXXCompilerId.cpp" failed.
Compiler: /Library/Developer/CommandLineTools/usr/bin/c++ 
Build flags: 
Id flags:  

The output was:
1
ld: library not found for -lc++
clang: error: linker command failed with exit code 1 (use -v to see invocation)


Determining if the Fortran sgemm exists failed with the following output:
Change Dir: /Users/isaac/Downloads/loessFIVER/dloess/build/CMakeFiles/CMakeTmp

Run Build Command(s):/usr/bin/make -f Makefile cmTC_d1ae3/fast && /Library/Developer/CommandLineTools/usr/bin/make  -f CMakeFiles/cmTC_d1ae3.dir/build.make CMakeFiles/cmTC_d1ae3.dir/build
Building Fortran object CMakeFiles/cmTC_d1ae3.dir/testFortranCompiler.f.o
/usr/local/bin/gfortran   -isysroot /Library/Developer/CommandLineTools/SDKs/MacOSX10.15.sdk -c /Users/isaac/Downloads/loessFIVER/dloess/build/CMakeFiles/CMakeTmp/testFortranCompiler.f -o CMakeFiles/cmTC_d1ae3.dir/testFortranCompiler.f.o
Linking Fortran executable cmTC_d1ae3
/usr/local/Cellar/cmake/3.22.1/bin/cmake -E cmake_link_script CMakeFiles/cmTC_d1ae3.dir/link.txt --verbose=1
/usr/local/bin/gfortran  -isysroot /Library/Developer/CommandLineTools/SDKs/MacOSX10.15.sdk CMakeFiles/cmTC_d1ae3.dir/testFortranCompiler.f.o -o cmTC_d1ae3 
Undefined symbols for architecture x86_64:
  "_sgemm_", referenced from:
      _MAIN__ in testFortranCompiler.f.o
ld: symbol(s) not found for architecture x86_64
collect2: error: ld returned 1 exit status
make[1]: *** [cmTC_d1ae3] Error 1
make: *** [cmTC_d1ae3/fast] Error 2



